<?xml version="1.0" encoding="UTF-8"?>
<testng-results skipped="0" failed="0" ignored="0" total="1" passed="1">
  <reporter-output>
  </reporter-output>
  <suite name="Default suite" duration-ms="9532" started-at="2019-12-18T10:09:26Z" finished-at="2019-12-18T10:09:35Z">
    <groups>
    </groups>
    <test name="Default test" duration-ms="9532" started-at="2019-12-18T10:09:26Z" finished-at="2019-12-18T10:09:35Z">
      <class name="Auto.Auto.FilePro">
        <test-method status="PASS" signature="openBrowser()[pri:0, instance:Auto.Auto.FilePro@523884b2]" name="openBrowser" duration-ms="9517" started-at="2019-12-18T10:09:26Z" finished-at="2019-12-18T10:09:35Z">
          <reporter-output>
          </reporter-output>
        </test-method> <!-- openBrowser -->
      </class> <!-- Auto.Auto.FilePro -->
    </test> <!-- Default test -->
  </suite> <!-- Default suite -->
</testng-results>
